{"level":"INFO","time":"2022-05-10T09:03:54.869+0800","caller":"logger/logger.go:68","msg":"/","status":404,"method":"GET","path":"/","query":"","ip":"::1","user-agent":"Mozilla/5.0 (Windows NT 10.0; Win64; x64) AppleWebKit/537.36 (KHTML, like Gecko) Chrome/99.0.4844.82 Safari/537.36","errors":"","cost":0}
{"level":"INFO","time":"2022-05-10T09:03:54.947+0800","caller":"logger/logger.go:68","msg":"/favicon.ico","status":404,"method":"GET","path":"/favicon.ico","query":"","ip":"::1","user-agent":"Mozilla/5.0 (Windows NT 10.0; Win64; x64) AppleWebKit/537.36 (KHTML, like Gecko) Chrome/99.0.4844.82 Safari/537.36","errors":"","cost":0}
{"level":"INFO","time":"2022-05-10T09:48:59.652+0800","caller":"logger/logger.go:68","msg":"/","status":404,"method":"GET","path":"/","query":"","ip":"::1","user-agent":"Mozilla/5.0 (Windows NT 10.0; Win64; x64) AppleWebKit/537.36 (KHTML, like Gecko) Chrome/99.0.4844.82 Safari/537.36","errors":"","cost":0}
{"level":"ERROR","time":"2022-05-10T09:51:45.187+0800","caller":"mysql/mysql.go:29","msg":"connected mysql fail","error":"Error 1049: Unknown database 'go_blog'"}
{"level":"ERROR","time":"2022-05-10T10:02:13.648+0800","caller":"mysql/mysql.go:29","msg":"connected mysql fail","error":"Error 1049: Unknown database 'go_blog'"}
{"level":"ERROR","time":"2022-05-10T10:03:38.067+0800","caller":"mysql/mysql.go:29","msg":"connected mysql fail","error":"Error 1049: Unknown database 'go_blog'"}
{"level":"INFO","time":"2022-05-10T10:23:36.052+0800","caller":"stru_web/main.go:62","msg":"Shutdown Server ..."}
{"level":"INFO","time":"2022-05-10T10:23:36.057+0800","caller":"stru_web/main.go:71","msg":"stru_web server exit"}
{"level":"INFO","time":"2022-05-10T10:25:57.367+0800","caller":"stru_web/main.go:62","msg":"Shutdown Server ..."}
{"level":"INFO","time":"2022-05-10T10:25:57.374+0800","caller":"stru_web/main.go:71","msg":"stru_web server exit"}
{"level":"INFO","time":"2022-05-10T10:26:13.240+0800","caller":"logger/logger.go:68","msg":"/","status":200,"method":"GET","path":"/","query":"","ip":"::1","user-agent":"Mozilla/5.0 (Windows NT 10.0; Win64; x64) AppleWebKit/537.36 (KHTML, like Gecko) Chrome/99.0.4844.82 Safari/537.36","errors":"","cost":0.0005263}
{"level":"INFO","time":"2022-05-10T10:27:50.811+0800","caller":"logger/logger.go:68","msg":"/","status":200,"method":"GET","path":"/","query":"","ip":"::1","user-agent":"Mozilla/5.0 (Windows NT 10.0; Win64; x64) AppleWebKit/537.36 (KHTML, like Gecko) Chrome/99.0.4844.82 Safari/537.36","errors":"","cost":0.0008325}
{"level":"INFO","time":"2022-05-10T10:27:51.936+0800","caller":"logger/logger.go:68","msg":"/","status":200,"method":"GET","path":"/","query":"","ip":"::1","user-agent":"Mozilla/5.0 (Windows NT 10.0; Win64; x64) AppleWebKit/537.36 (KHTML, like Gecko) Chrome/99.0.4844.82 Safari/537.36","errors":"","cost":0.0007281}
{"level":"INFO","time":"2022-05-10T10:27:52.129+0800","caller":"logger/logger.go:68","msg":"/","status":200,"method":"GET","path":"/","query":"","ip":"::1","user-agent":"Mozilla/5.0 (Windows NT 10.0; Win64; x64) AppleWebKit/537.36 (KHTML, like Gecko) Chrome/99.0.4844.82 Safari/537.36","errors":"","cost":0}
{"level":"INFO","time":"2022-05-10T10:27:52.305+0800","caller":"logger/logger.go:68","msg":"/","status":200,"method":"GET","path":"/","query":"","ip":"::1","user-agent":"Mozilla/5.0 (Windows NT 10.0; Win64; x64) AppleWebKit/537.36 (KHTML, like Gecko) Chrome/99.0.4844.82 Safari/537.36","errors":"","cost":0}
{"level":"INFO","time":"2022-05-10T10:27:52.474+0800","caller":"logger/logger.go:68","msg":"/","status":200,"method":"GET","path":"/","query":"","ip":"::1","user-agent":"Mozilla/5.0 (Windows NT 10.0; Win64; x64) AppleWebKit/537.36 (KHTML, like Gecko) Chrome/99.0.4844.82 Safari/537.36","errors":"","cost":0}
{"level":"INFO","time":"2022-05-10T10:27:52.625+0800","caller":"logger/logger.go:68","msg":"/","status":200,"method":"GET","path":"/","query":"","ip":"::1","user-agent":"Mozilla/5.0 (Windows NT 10.0; Win64; x64) AppleWebKit/537.36 (KHTML, like Gecko) Chrome/99.0.4844.82 Safari/537.36","errors":"","cost":0}
{"level":"INFO","time":"2022-05-10T18:46:56.354+0800","caller":"stru_web/main.go:62","msg":"Shutdown Server ..."}
{"level":"INFO","time":"2022-05-10T18:46:56.363+0800","caller":"stru_web/main.go:71","msg":"Server exiting"}
{"level":"INFO","time":"2022-05-10T19:16:45.438+0800","caller":"stru_web/main.go:63","msg":"Shutdown Server ..."}
{"level":"INFO","time":"2022-05-10T19:16:45.443+0800","caller":"stru_web/main.go:72","msg":"Server exiting"}
{"level":"INFO","time":"2022-05-10T19:16:58.404+0800","caller":"logger/logger.go:69","msg":"/","status":200,"method":"GET","path":"/","query":"","ip":"::1","user-agent":"Mozilla/5.0 (Windows NT 10.0; Win64; x64) AppleWebKit/537.36 (KHTML, like Gecko) Chrome/99.0.4844.82 Safari/537.36","errors":"","cost":0.0008683}
{"level":"INFO","time":"2022-05-10T19:21:19.321+0800","caller":"stru_web/main.go:62","msg":"Shutdown Server ..."}
{"level":"INFO","time":"2022-05-10T19:21:19.324+0800","caller":"stru_web/main.go:71","msg":"Server exiting"}
{"level":"INFO","time":"2022-05-10T19:38:10.007+0800","caller":"logger/logger.go:69","msg":"/","status":200,"method":"GET","path":"/","query":"","ip":"::1","user-agent":"Mozilla/5.0 (Windows NT 10.0; Win64; x64) AppleWebKit/537.36 (KHTML, like Gecko) Chrome/99.0.4844.82 Safari/537.36","errors":"","cost":0}
{"level":"INFO","time":"2022-05-10T19:38:10.591+0800","caller":"logger/logger.go:69","msg":"/","status":200,"method":"GET","path":"/","query":"","ip":"::1","user-agent":"Mozilla/5.0 (Windows NT 10.0; Win64; x64) AppleWebKit/537.36 (KHTML, like Gecko) Chrome/99.0.4844.82 Safari/537.36","errors":"","cost":0.0008893}
{"level":"INFO","time":"2022-05-10T19:38:10.764+0800","caller":"logger/logger.go:69","msg":"/","status":200,"method":"GET","path":"/","query":"","ip":"::1","user-agent":"Mozilla/5.0 (Windows NT 10.0; Win64; x64) AppleWebKit/537.36 (KHTML, like Gecko) Chrome/99.0.4844.82 Safari/537.36","errors":"","cost":0}
{"level":"INFO","time":"2022-05-10T19:38:10.911+0800","caller":"logger/logger.go:69","msg":"/","status":200,"method":"GET","path":"/","query":"","ip":"::1","user-agent":"Mozilla/5.0 (Windows NT 10.0; Win64; x64) AppleWebKit/537.36 (KHTML, like Gecko) Chrome/99.0.4844.82 Safari/537.36","errors":"","cost":0}
{"level":"INFO","time":"2022-05-10T20:52:49.089+0800","caller":"stru_web/main.go:70","msg":"Shutdown Server ..."}
{"level":"INFO","time":"2022-05-10T20:52:49.091+0800","caller":"stru_web/main.go:79","msg":"Server exiting"}
{"level":"INFO","time":"2022-05-10T20:55:19.610+0800","caller":"stru_web/main.go:68","msg":"Shutdown Server ..."}
{"level":"INFO","time":"2022-05-10T20:55:19.614+0800","caller":"stru_web/main.go:77","msg":"Server exiting"}
{"level":"INFO","time":"2022-05-10T20:56:57.635+0800","caller":"stru_web/main.go:68","msg":"Shutdown Server ..."}
{"level":"INFO","time":"2022-05-10T20:56:57.640+0800","caller":"stru_web/main.go:77","msg":"Server exiting"}
{"level":"INFO","time":"2022-05-10T21:03:35.239+0800","caller":"logger/logger.go:69","msg":"/","status":200,"method":"GET","path":"/","query":"","ip":"::1","user-agent":"Mozilla/5.0 (Windows NT 10.0; Win64; x64) AppleWebKit/537.36 (KHTML, like Gecko) Chrome/99.0.4844.82 Safari/537.36","errors":"","cost":0.000415}
{"level":"INFO","time":"2022-05-10T21:03:47.308+0800","caller":"stru_web/main.go:69","msg":"Shutdown Server ..."}
{"level":"INFO","time":"2022-05-10T21:03:47.311+0800","caller":"stru_web/main.go:78","msg":"Server exiting"}
{"level":"INFO","time":"2022-05-10T21:04:21.300+0800","caller":"logger/logger.go:69","msg":"/","status":200,"method":"GET","path":"/","query":"","ip":"::1","user-agent":"Mozilla/5.0 (Windows NT 10.0; Win64; x64) AppleWebKit/537.36 (KHTML, like Gecko) Chrome/99.0.4844.82 Safari/537.36","errors":"","cost":0}
{"level":"INFO","time":"2022-05-10T21:04:22.411+0800","caller":"logger/logger.go:69","msg":"/","status":200,"method":"GET","path":"/","query":"","ip":"::1","user-agent":"Mozilla/5.0 (Windows NT 10.0; Win64; x64) AppleWebKit/537.36 (KHTML, like Gecko) Chrome/99.0.4844.82 Safari/537.36","errors":"","cost":0}
{"level":"INFO","time":"2022-05-10T21:04:22.602+0800","caller":"logger/logger.go:69","msg":"/","status":200,"method":"GET","path":"/","query":"","ip":"::1","user-agent":"Mozilla/5.0 (Windows NT 10.0; Win64; x64) AppleWebKit/537.36 (KHTML, like Gecko) Chrome/99.0.4844.82 Safari/537.36","errors":"","cost":0}
{"level":"INFO","time":"2022-05-10T21:04:22.778+0800","caller":"logger/logger.go:69","msg":"/","status":200,"method":"GET","path":"/","query":"","ip":"::1","user-agent":"Mozilla/5.0 (Windows NT 10.0; Win64; x64) AppleWebKit/537.36 (KHTML, like Gecko) Chrome/99.0.4844.82 Safari/537.36","errors":"","cost":0}
{"level":"INFO","time":"2022-05-10T21:04:27.644+0800","caller":"logger/logger.go:69","msg":"/","status":200,"method":"GET","path":"/","query":"","ip":"::1","user-agent":"Mozilla/5.0 (Windows NT 10.0; Win64; x64) AppleWebKit/537.36 (KHTML, like Gecko) Chrome/99.0.4844.82 Safari/537.36","errors":"","cost":0}
{"level":"INFO","time":"2022-05-10T21:04:39.499+0800","caller":"stru_web/main.go:69","msg":"Shutdown Server ..."}
{"level":"INFO","time":"2022-05-10T21:04:39.501+0800","caller":"stru_web/main.go:78","msg":"Server exiting"}
{"level":"INFO","time":"2022-05-10T21:05:04.926+0800","caller":"stru_web/main.go:69","msg":"Shutdown Server ..."}
{"level":"INFO","time":"2022-05-10T21:05:04.932+0800","caller":"stru_web/main.go:78","msg":"Server exiting"}
